{
  "stats": {
    "suites": 1,
    "tests": 1,
    "passes": 0,
    "pending": 0,
    "failures": 1,
    "start": "2024-01-22T12:48:27.442Z",
    "end": "2024-01-22T12:48:53.300Z",
    "duration": 25858,
    "testsRegistered": 1,
    "passPercent": 0,
    "pendingPercent": 0,
    "other": 0,
    "hasOther": false,
    "skipped": 0,
    "hasSkipped": false
  },
  "results": [
    {
      "uuid": "f8b4c2ff-f765-4b4f-9980-91a0e0d1bded",
      "title": "",
      "fullFile": "cypress\\e2e\\hagapeGTCCadastroLocalEmissao.cy.js",
      "file": "cypress\\e2e\\hagapeGTCCadastroLocalEmissao.cy.js",
      "beforeHooks": [],
      "afterHooks": [],
      "tests": [],
      "suites": [
        {
          "uuid": "10f801e7-a775-40dc-82ae-b82a45f6f625",
          "title": "Teste Cadastro Local Emissão GTC",
          "fullFile": "",
          "file": "",
          "beforeHooks": [],
          "afterHooks": [],
          "tests": [
            {
              "title": "Validar Cadastro Local Emissão GTC",
              "fullTitle": "Teste Cadastro Local Emissão GTC Validar Cadastro Local Emissão GTC",
              "timedOut": null,
              "duration": 19944,
              "state": "failed",
              "speed": null,
              "pass": false,
              "fail": true,
              "pending": false,
              "context": "[\n  {\n    \"title\": \"cypress-mochawesome-reporter-videos-failed\",\n    \"value\": \"cypress\\\\e2e\\\\hagapeGTCCadastroLocalEmissao.cy.js\"\n  },\n  {\n    \"title\": \"cypress-mochawesome-reporter-screenshots\",\n    \"value\": [\n      [\n        \"\\\\hagapeGTCCadastroLocalEmissao.cy.js\\\\Teste Cadastro Local Emissão GTC -- Validar Cadastro Local Emissão GTC (failed).png\"\n      ]\n    ]\n  }\n]",
              "code": "cy.realizarLogin(baseurl, login);\ncy.get('.actions-left > .MuiButtonBase-root').click();\ncy.get('.css-1t0b3pu > .MuiButtonBase-root > .MuiBox-root > .MuiTypography-root').should('have.text', \"Início\");\ncy.get(':nth-child(8) > .MuiButtonBase-root > .MuiBox-root > .MuiTypography-root').should('be.visible');\n//Validar acesso a funcionalidade\ncy.get(':nth-child(8) > .MuiButtonBase-root > .MuiBox-root > .MuiTypography-root').click();\n//Validar ação do botão Nova GTC\ncy.get('.css-natppm').click();\n//Validar cadastro de novo local de emissão\n//Acesso ao modal \ncy.get(':nth-child(2) > .css-tzsjye > .MuiTypography-root').click();\n//Campos do modal\ncy.get('.MuiDialogContent-root').should('be.visible');\n//Validar botão Salvar\ncy.get('.MuiDialogActions-root > .MuiButton-contained').should('be.visible');\n//Validar botão Cancelar\ncy.get('.MuiDialogActions-root > .MuiButton-outlined').click();\n//Logoff\ncy.get('.MuiAvatar-img').click();\ncy.get('.css-ipchd0').click();\ncy.get('.MuiTypography-h6').should('be.visible');",
              "err": {
                "message": "AssertionError: Timed out retrying after 10000ms: Expected to find element: `.css-1t0b3pu > .MuiButtonBase-root > .MuiBox-root > .MuiTypography-root`, but never found it.",
                "estack": "AssertionError: Timed out retrying after 10000ms: Expected to find element: `.css-1t0b3pu > .MuiButtonBase-root > .MuiBox-root > .MuiTypography-root`, but never found it.\n    at Context.eval (webpack:///./cypress/e2e/hagapeGTCCadastroLocalEmissao.cy.js:11:86)",
                "diff": null
              },
              "uuid": "2a0a7970-526a-41ce-9bbe-e323ddd016ea",
              "parentUUID": "10f801e7-a775-40dc-82ae-b82a45f6f625",
              "isHook": false,
              "skipped": false
            }
          ],
          "suites": [],
          "passes": [],
          "failures": [
            "2a0a7970-526a-41ce-9bbe-e323ddd016ea"
          ],
          "pending": [],
          "skipped": [],
          "duration": 19944,
          "root": false,
          "rootEmpty": false,
          "_timeout": 2000
        }
      ],
      "passes": [],
      "failures": [],
      "pending": [],
      "skipped": [],
      "duration": 0,
      "root": true,
      "rootEmpty": true,
      "_timeout": 2000
    }
  ],
  "meta": {
    "mocha": {
      "version": "7.0.1"
    },
    "mochawesome": {
      "options": {
        "quiet": false,
        "reportFilename": "mochawesome",
        "saveHtml": false,
        "saveJson": true,
        "consoleReporter": "spec",
        "useInlineDiffs": false,
        "code": true
      },
      "version": "7.1.3"
    },
    "marge": {
      "options": {
        "overwrite": false,
        "html": false,
        "json": true,
        "reportDir": "cypress\\reports\\html\\.jsons"
      },
      "version": "6.2.0"
    }
  }
}