{
  "stats": {
    "suites": 1,
    "tests": 1,
    "passes": 0,
    "pending": 0,
    "failures": 1,
    "start": "2024-01-22T12:50:29.460Z",
    "end": "2024-01-22T12:51:11.450Z",
    "duration": 41990,
    "testsRegistered": 1,
    "passPercent": 0,
    "pendingPercent": 0,
    "other": 0,
    "hasOther": false,
    "skipped": 0,
    "hasSkipped": false
  },
  "results": [
    {
      "uuid": "6270f190-3349-4f75-a400-b11ab2b60a5e",
      "title": "",
      "fullFile": "cypress\\e2e\\hagapeLoginLogout.cy.js",
      "file": "cypress\\e2e\\hagapeLoginLogout.cy.js",
      "beforeHooks": [],
      "afterHooks": [],
      "tests": [],
      "suites": [
        {
          "uuid": "df7bf65a-bae9-4c6c-8f77-5f2029a180cf",
          "title": "Teste de login e logout",
          "fullFile": "",
          "file": "",
          "beforeHooks": [],
          "afterHooks": [],
          "tests": [
            {
              "title": "Validar login e logout",
              "fullTitle": "Teste de login e logout Validar login e logout",
              "timedOut": null,
              "duration": 39991,
              "state": "failed",
              "speed": null,
              "pass": false,
              "fail": true,
              "pending": false,
              "context": "[\n  {\n    \"title\": \"cypress-mochawesome-reporter-videos-failed\",\n    \"value\": \"cypress\\\\e2e\\\\hagapeLoginLogout.cy.js\"\n  },\n  {\n    \"title\": \"cypress-mochawesome-reporter-screenshots\",\n    \"value\": [\n      [\n        \"\\\\hagapeLoginLogout.cy.js\\\\Teste de login e logout -- Validar login e logout (failed).png\"\n      ]\n    ]\n  }\n]",
              "code": "cy.realizarLogin(baseurl, login);\ncy.get('.actions-left > .MuiButtonBase-root').click();\ncy.get('.css-1t0b3pu > .MuiButtonBase-root > .MuiBox-root > .MuiTypography-root').should('have.text', \"Início\");\n//logoff\ncy.realizarLogoff();\n//logout\n//cy.get('.nav-header > .MuiButtonBase-root').click(); \n//cy.get('.MuiAvatar-img').click();\n//cy.get('.css-ipchd0').click();\n//cy.get('.MuiTypography-h6').should('be.visible');",
              "err": {
                "message": "AssertionError: Timed out retrying after 10000ms: Expected to find element: `.css-1t0b3pu > .MuiButtonBase-root > .MuiBox-root > .MuiTypography-root`, but never found it.",
                "estack": "AssertionError: Timed out retrying after 10000ms: Expected to find element: `.css-1t0b3pu > .MuiButtonBase-root > .MuiBox-root > .MuiTypography-root`, but never found it.\n    at Context.eval (webpack:///./cypress/e2e/hagapeLoginLogout.cy.js:10:86)",
                "diff": null
              },
              "uuid": "fbd90c76-e96f-46a1-963f-71b635b269ca",
              "parentUUID": "df7bf65a-bae9-4c6c-8f77-5f2029a180cf",
              "isHook": false,
              "skipped": false
            }
          ],
          "suites": [],
          "passes": [],
          "failures": [
            "fbd90c76-e96f-46a1-963f-71b635b269ca"
          ],
          "pending": [],
          "skipped": [],
          "duration": 39991,
          "root": false,
          "rootEmpty": false,
          "_timeout": 2000
        }
      ],
      "passes": [],
      "failures": [],
      "pending": [],
      "skipped": [],
      "duration": 0,
      "root": true,
      "rootEmpty": true,
      "_timeout": 2000
    }
  ],
  "meta": {
    "mocha": {
      "version": "7.0.1"
    },
    "mochawesome": {
      "options": {
        "quiet": false,
        "reportFilename": "mochawesome",
        "saveHtml": false,
        "saveJson": true,
        "consoleReporter": "spec",
        "useInlineDiffs": false,
        "code": true
      },
      "version": "7.1.3"
    },
    "marge": {
      "options": {
        "overwrite": false,
        "html": false,
        "json": true,
        "reportDir": "cypress\\reports\\html\\.jsons"
      },
      "version": "6.2.0"
    }
  }
}