{
  "stats": {
    "suites": 1,
    "tests": 1,
    "passes": 1,
    "pending": 0,
    "failures": 0,
    "start": "2023-11-15T20:14:22.299Z",
    "end": "2023-11-15T20:14:35.274Z",
    "duration": 12975,
    "testsRegistered": 1,
    "passPercent": 100,
    "pendingPercent": 0,
    "other": 0,
    "hasOther": false,
    "skipped": 0,
    "hasSkipped": false
  },
  "results": [
    {
      "uuid": "b4ca6c08-c517-4b70-b7da-d101faf5067e",
      "title": "",
      "fullFile": "cypress\\e2e\\hagapeTelaUsuarioListagem.cy.js",
      "file": "cypress\\e2e\\hagapeTelaUsuarioListagem.cy.js",
      "beforeHooks": [],
      "afterHooks": [],
      "tests": [],
      "suites": [
        {
          "uuid": "8bcb53f4-ebdb-428b-8c60-cffdd0cc24f6",
          "title": "Teste Tela de Usuário - Listagem",
          "fullFile": "",
          "file": "",
          "beforeHooks": [],
          "afterHooks": [],
          "tests": [
            {
              "title": "Validar tela de usuário - menu Listagem",
              "fullTitle": "Teste Tela de Usuário - Listagem Validar tela de usuário - menu Listagem",
              "timedOut": null,
              "duration": 11451,
              "state": "passed",
              "speed": "slow",
              "pass": true,
              "fail": false,
              "pending": false,
              "context": null,
              "code": "cy.visit(baseurl.baseUrl);\ncy.contains('E-mail').type(login.username);\ncy.get('#password').type(login.senha);\ncy.get('.MuiButton-root').click();\ncy.contains('Login realizado com sucesso!');\ncy.get('.actions-left > .MuiButtonBase-root').click();\ncy.get('.css-1t0b3pu > .MuiButtonBase-root > .MuiBox-root > .MuiTypography-root').should('have.text', \"Início\");\ncy.get(':nth-child(3) > .css-11coqyv > .css-164kvcj > .MuiTypography-root').click();\ncy.contains('Listagem').should('be.visible');\ncy.get(':nth-child(3) > .MuiCollapse-root > .MuiCollapse-wrapper > .MuiCollapse-wrapperInner > :nth-child(1) > .MuiButtonBase-root > .MuiBox-root > .MuiTypography-root').click();\n//Validar título da página\ncy.get('.MuiCardHeader-content > .MuiTypography-root').should('be.visible');\n//Validar campo E-mail\ncy.get('[tabindex=\"0\"] > .MuiDataGrid-columnHeaderDraggableContainer > .MuiDataGrid-columnHeaderTitleContainer > .MuiDataGrid-columnHeaderTitleContainerContent > .MuiDataGrid-columnHeaderTitle').should('be.visible');\n//Validar campo Nome\ncy.get('[style=\"height: 56px; width: 473.333px; min-width: 473.333px; max-width: 473.333px;\"] > .MuiDataGrid-columnHeaderDraggableContainer > .MuiDataGrid-columnHeaderTitleContainer > .MuiDataGrid-columnHeaderTitleContainerContent > .MuiDataGrid-columnHeaderTitle').should('be.visible');\n//Validar campo Status\ncy.get('[aria-colindex=\"3\"] > .MuiDataGrid-columnHeaderDraggableContainer > .MuiDataGrid-columnHeaderTitleContainer > .MuiDataGrid-columnHeaderTitleContainerContent > .MuiDataGrid-columnHeaderTitle').should('be.visible');\n//Validar campo Ações\ncy.get('[style=\"height: 56px; width: 100px; min-width: 100px; max-width: 100px;\"] > .MuiDataGrid-columnHeaderDraggableContainer > .MuiDataGrid-columnHeaderTitleContainer > .MuiDataGrid-columnHeaderTitleContainerContent > .MuiDataGrid-columnHeaderTitle').should('be.visible');\n//Validar botão Adicionar Usuário\ncy.get('.css-t5y380 > .MuiBox-root > .MuiButtonBase-root').click();\n//logout\n//cy.get('.nav-header > .MuiButtonBase-root').click(); \ncy.get('.MuiAvatar-img').click();\ncy.get('.css-ipchd0').click();\ncy.get('.MuiTypography-h6').should('be.visible');",
              "err": {},
              "uuid": "a46848d7-55cd-4961-b511-1783ae6a8ac9",
              "parentUUID": "8bcb53f4-ebdb-428b-8c60-cffdd0cc24f6",
              "isHook": false,
              "skipped": false
            }
          ],
          "suites": [],
          "passes": [
            "a46848d7-55cd-4961-b511-1783ae6a8ac9"
          ],
          "failures": [],
          "pending": [],
          "skipped": [],
          "duration": 11451,
          "root": false,
          "rootEmpty": false,
          "_timeout": 2000
        }
      ],
      "passes": [],
      "failures": [],
      "pending": [],
      "skipped": [],
      "duration": 0,
      "root": true,
      "rootEmpty": true,
      "_timeout": 2000
    }
  ],
  "meta": {
    "mocha": {
      "version": "7.0.1"
    },
    "mochawesome": {
      "options": {
        "quiet": false,
        "reportFilename": "mochawesome",
        "saveHtml": true,
        "saveJson": true,
        "consoleReporter": "spec",
        "useInlineDiffs": false,
        "code": true
      },
      "version": "7.1.3"
    },
    "marge": {
      "options": null,
      "version": "6.2.0"
    }
  }
}